#
# A fatal error has been detected by the Java Runtime Environment:
#
#  EXCEPTION_ACCESS_VIOLATION (0xc0000005) at pc=0x00007ffc3c256a17, pid=12780, tid=11872
#
# JRE version: OpenJDK Runtime Environment Microsoft-13106404 (21.0.10+7) (build 21.0.10+7-LTS)
# Java VM: OpenJDK 64-Bit Server VM Microsoft-13106404 (21.0.10+7-LTS, mixed mode, sharing, tiered, compressed oops, compressed class ptrs, g1 gc, windows-amd64)
# Problematic frame:
# C  [glass.dll+0x26a17]
#
# No core dump will be written. Minidumps are not enabled by default on client versions of Windows
#
# If you would like to submit a bug report, please visit:
#   https://github.com/microsoft/openjdk/issues
#

---------------  S U M M A R Y ------------

Command Line: -javaagent:C:\Program Files\JetBrains\IntelliJ IDEA 2025.3.1.1\lib\idea_rt.jar=53199 -Dfile.encoding=UTF-8 -Dsun.stdout.encoding=UTF-8 -Dsun.stderr.encoding=UTF-8 --module-path=C:\Users\Ěŕęńčě\.m2\repository\org\xerial\sqlite-jdbc\3.51.2.0\sqlite-jdbc-3.51.2.0.jar;C:\Projects Java\LVM_Lab3\target\classes;C:\Users\Ěŕęńčě\.m2\repository\org\openjfx\javafx-base\21.0.6\javafx-base-21.0.6-win.jar;C:\Users\Ěŕęńčě\.m2\repository\org\openjfx\javafx-fxml\21.0.6\javafx-fxml-21.0.6-win.jar;C:\Users\Ěŕęńčě\.m2\repository\org\openjfx\javafx-controls\21.0.6\javafx-controls-21.0.6-win.jar;C:\Users\Ěŕęńčě\.m2\repository\org\openjfx\javafx-graphics\21.0.6\javafx-graphics-21.0.6-win.jar -Djdk.module.main=dev.ua._klaidi4_.lmv_lab3 dev.ua._klaidi4_.lmv_lab3/dev.ua._klaidi4_.lmv_lab3.Main

Host: AMD Ryzen 5 7535HS with Radeon Graphics        , 12 cores, 15G,  Windows 11 , 64 bit Build 26100 (10.0.26100.7705)
Time: Thu Feb 19 14:33:26 2026 elapsed time: 22.657362 seconds (0d 0h 0m 22s)

---------------  T H R E A D  ---------------

Current thread (0x000001f7c65c8c50):  VMThread "VM Thread"          [id=11872, stack(0x000000f0ace00000,0x000000f0acf00000) (1024K)]

Stack: [0x000000f0ace00000,0x000000f0acf00000],  sp=0x000000f0acefef70,  free space=1019k
Native frames: (J=compiled Java code, j=interpreted, Vv=VM code, C=native code)
C  [glass.dll+0x26a17]  (no source info available)


siginfo: EXCEPTION_ACCESS_VIOLATION (0xc0000005), reading address 0x0000000000000000


Registers:
RAX=0x0000000000000000, RBX=0x000001f7c65d6afa, RCX=0x000001f7c65c8c50, RDX=0x000000f0acefef70
RSP=0x000000f0acefef70, RBP=0x0000ab9df7197562, RSI=0x000001f815146b28, RDI=0x000001f815146b00
R8 =0x0000000000010002, R9 =0x0000ab9df7197562, R10=0x000001f7a4d10000, R11=0x000000f0acefee20
R12=0x0000000000000001, R13=0x00007ffc3c254360, R14=0x000000f0aceff078, R15=0x000001f815146b00
RIP=0x00007ffc3c256a17, EFLAGS=0x0000000000010202

XMM[0]=0x0000000000000000 0x0000000000000000
XMM[1]=0x0000000000000000 0x000000f0acefdbd0
XMM[2]=0x0000000000000000 0x0000000000000000
XMM[3]=0x0000000000000000 0x0000000000000000
XMM[4]=0x0000000000000000 0x0000000000000000
XMM[5]=0x0000000000000000 0x0000000000000000
XMM[6]=0x0000000000000000 0x0000000000000000
XMM[7]=0x0000000000000000 0x0000000000000000
XMM[8]=0x0000000000000000 0x404e000000000000
XMM[9]=0x0000000000000000 0x0000000000000000
XMM[10]=0x0000000000000000 0x0000000000000000
XMM[11]=0x0000000000000000 0x0000000000000000
XMM[12]=0x0000000000000000 0x0000000000000000
XMM[13]=0x0000000000000000 0x0000000000000000
XMM[14]=0x0000000000000000 0x0000000000000000
XMM[15]=0x0000000000000000 0x0000000000000000
  MXCSR=0x00001fa0


Register to memory mapping:

RAX=0x0 is null
RBX=0x000001f7c65d6afa is a global jni handle
RCX=0x000001f7c65c8c50 points into unknown readable memory: 0x00007ffba25e01a8 | a8 01 5e a2 fb 7f 00 00
RDX=0x000000f0acefef70 points into unknown readable memory: 0x0000000000000000 | 00 00 00 00 00 00 00 00
RSP=0x000000f0acefef70 points into unknown readable memory: 0x0000000000000000 | 00 00 00 00 00 00 00 00
RBP=0x0000ab9df7197562 is an unknown value
RSI=0x000001f815146b28 points into unknown readable memory: 0x0000ab9df7197562 | 62 75 19 f7 9d ab 00 00
RDI=0x000001f815146b00 points into unknown readable memory: 0xf094527df7188a92 | 92 8a 18 f7 7d 52 94 f0
R8 =0x0000000000010002 is an unknown value
R9 =0x0000ab9df7197562 is an unknown value
R10=0x000001f7a4d10000 points into unknown readable memory: 0x0000000000000000 | 00 00 00 00 00 00 00 00
R11=0x000000f0acefee20 points into unknown readable memory: 0x0000000000000000 | 00 00 00 00 00 00 00 00
R12=0x0000000000000001 is an unknown value
R13=0x00007ffc3c254360 glass.dll
R14=0x000000f0aceff078 points into unknown readable memory: 0x000000f0aceff060 | 60 f0 ef ac f0 00 00 00
R15=0x000001f815146b00 points into unknown readable memory: 0xf094527df7188a92 | 92 8a 18 f7 7d 52 94 f0

Top of Stack: (sp=0x000000f0acefef70)
0x000000f0acefef70:   0000000000000000 000001f800000000
0x000000f0acefef80:   000001f80c0fa950 0000000000000001
0x000000f0acefef90:   000001f815146b08 00007ffc4a5ebc75
0x000000f0acefefa0:   000001f815146b00 000001f800000000
0x000000f0acefefb0:   000001f815146b20 0000ab9df7197562
0x000000f0acefefc0:   fffffffffffffffe 00007ffc3c3e0000
0x000000f0acefefd0:   00007ffc3c230000 00007ffc3c230000
0x000000f0acefefe0:   000000f0aceff068 00007ffc4a5eb897
0x000000f0acefeff0:   000000f0aceff000 000000f0aceff078
0x000000f0aceff000:   000000f0aceff360 00007ffc4a6d88c0
0x000000f0aceff010:   0000000000000001 00007ffc4a5eb84d
0x000000f0aceff020:   0000000000000000 0000000000000001
0x000000f0aceff030:   00007ffc4646ed80 000000f0aceff068
0x000000f0aceff040:   fffffffffffffffe 000000f0aceff030
0x000000f0aceff050:   0000000000000000 00007ffc3c2541ed
0x000000f0aceff060:   00007ffc3c26a008 0000000000000002
0x000000f0aceff070:   00007ffc00000002 000000f0aceff060
0x000000f0aceff080:   0000000000000000 000001f7c6483bb0
0x000000f0aceff090:   0000000000000000 00007ffc3c254312
0x000000f0aceff0a0:   0000000000000001 000000007ffe0385
0x000000f0aceff0b0:   0000000000000001 00007ffc4d54a6af
0x000000f0aceff0c0:   000001f7a70503f0 000000000000000f
0x000000f0aceff0d0:   0000000000000001 0000000000000000
0x000000f0aceff0e0:   0000000000000000 000000007ffe0384
0x000000f0aceff0f0:   000001f80c321ff0 00007ffc4d69f6fe
0x000000f0aceff100:   00007ffc3c230000 000001f800000000
0x000000f0aceff110:   0000000000000001 000000007ffe0385
0x000000f0aceff120:   00007ffc3c2575a0 00007ffc4d54bcae
0x000000f0aceff130:   0000000000000000 0000000000000000
0x000000f0aceff140:   0000000000000000 0000000000000000
0x000000f0aceff150:   0000000000000000 0000000000000000
0x000000f0aceff160:   0000000000000000 0000000000000000 

Instructions: (pc=0x00007ffc3c256a17)
0x00007ffc3c256917:   8b 4d 58 e8 8d cf ff ff 48 8b 4d 60 e8 84 cf ff
0x00007ffc3c256927:   ff 48 8b 95 80 00 00 00 48 8b 8d 18 01 00 00 e8
0x00007ffc3c256937:   76 c4 ff ff 33 d2 33 c9 e8 cc e1 ff ff 90 48 89
0x00007ffc3c256947:   54 24 10 55 48 83 ec 20 48 8b ea 48 b8 00 00 00
0x00007ffc3c256957:   00 00 00 00 00 48 83 c4 20 5d c3 cc 40 55 48 8b
0x00007ffc3c256967:   ea 48 8b 01 33 c9 81 38 05 00 00 c0 0f 94 c1 8b
0x00007ffc3c256977:   c1 5d c3 cc 40 55 48 83 ec 20 48 8b ea 8a 4d 40
0x00007ffc3c256987:   48 83 c4 20 5d e9 73 d3 ff ff cc 40 55 48 83 ec
0x00007ffc3c256997:   20 48 8b ea 8a 4d 20 e8 61 d3 ff ff 90 48 83 c4
0x00007ffc3c2569a7:   20 5d c3 cc 40 55 48 83 ec 20 48 8b ea 48 83 c4
0x00007ffc3c2569b7:   20 5d e9 c2 d1 ff ff cc 40 55 48 83 ec 30 48 8b
0x00007ffc3c2569c7:   ea 48 8b 01 8b 10 48 89 4c 24 28 89 54 24 20 4c
0x00007ffc3c2569d7:   8d 0d 63 d6 ff ff 4c 8b 45 70 8b 55 68 48 8b 4d
0x00007ffc3c2569e7:   60 e8 03 d1 ff ff 90 48 83 c4 30 5d c3 cc cc cc
0x00007ffc3c2569f7:   cc cc cc cc cc cc cc cc cc 40 53 48 83 ec 20 48
0x00007ffc3c256a07:   8b 1d fb 2f 01 00 48 85 db 74 16 e8 89 8f ff ff
0x00007ffc3c256a17:   4c 8b 00 48 8b d3 48 8b c8 41 ff 90 b0 00 00 00
0x00007ffc3c256a27:   90 48 83 c4 20 5b c3 cc cc 40 53 48 83 ec 20 48
0x00007ffc3c256a37:   8b 1d 6b 31 01 00 48 85 db 74 57 b8 ff ff ff ff
0x00007ffc3c256a47:   f0 0f c1 43 10 83 f8 01 75 3d 48 85 db 74 38 48
0x00007ffc3c256a57:   8b 0b 48 85 c9 74 0d ff 15 44 08 00 00 48 c7 03
0x00007ffc3c256a67:   00 00 00 00 48 8b 4b 08 48 85 c9 74 0d e8 33 ce
0x00007ffc3c256a77:   ff ff 48 c7 43 08 00 00 00 00 ba 18 00 00 00 48
0x00007ffc3c256a87:   8b cb e8 1e ce ff ff 48 c7 05 0f 31 01 00 00 00
0x00007ffc3c256a97:   00 00 48 83 c4 20 5b c3 cc 40 53 48 83 ec 20 48
0x00007ffc3c256aa7:   8b 1d db 30 01 00 48 85 db 74 57 b8 ff ff ff ff
0x00007ffc3c256ab7:   f0 0f c1 43 10 83 f8 01 75 3d 48 85 db 74 38 48
0x00007ffc3c256ac7:   8b 0b 48 85 c9 74 0d ff 15 d4 07 00 00 48 c7 03
0x00007ffc3c256ad7:   00 00 00 00 48 8b 4b 08 48 85 c9 74 0d e8 c3 cd
0x00007ffc3c256ae7:   ff ff 48 c7 43 08 00 00 00 00 ba 18 00 00 00 48
0x00007ffc3c256af7:   8b cb e8 ae cd ff ff 48 c7 05 7f 30 01 00 00 00
0x00007ffc3c256b07:   00 00 48 83 c4 20 5b c3 cc 40 53 48 83 ec 20 48 


Stack slot to memory mapping:

stack at sp + 0 slots: 0x0 is null
stack at sp + 1 slots: 0x000001f800000000 is an unknown value
stack at sp + 2 slots: 0x000001f80c0fa950 points into unknown readable memory: 0x000001f80c0fa8f0 | f0 a8 0f 0c f8 01 00 00
stack at sp + 3 slots: 0x0000000000000001 is an unknown value
stack at sp + 4 slots: 0x000001f815146b08 points into unknown readable memory: 0x0000ab9df7197562 | 62 75 19 f7 9d ab 00 00
stack at sp + 5 slots: 0x00007ffc4a5ebc75 ucrtbase.dll
stack at sp + 6 slots: 0x000001f815146b00 points into unknown readable memory: 0xf094527df7188a92 | 92 8a 18 f7 7d 52 94 f0
stack at sp + 7 slots: 0x000001f800000000 is an unknown value

VM_Operation (0x000000f0afaff4c0): Exit, mode: safepoint, requested by thread 0x000001f815804e90


---------------  P R O C E S S  ---------------

Threads class SMR info:
_java_thread_list=0x000001f8256e34e0, length=20, elements={
0x000001f7a7036a80, 0x000001f7c65e5cc0, 0x000001f7c65e9450, 0x000001f7c65ed660,
0x000001f7c65ee270, 0x000001f7c65fc2f0, 0x000001f7c65fa220, 0x000001f7c6618570,
0x000001f7c66191c0, 0x000001f7c65fc980, 0x000001f7c65fd010, 0x000001f7c65f9b90,
0x000001f7c65fa8b0, 0x000001f7c65faf40, 0x000001f7c65fb5d0, 0x000001f7c65fbc60,
0x000001f815807c80, 0x000001f8158075f0, 0x000001f815806240, 0x000001f815804e90
}

Java Threads: ( => current thread )
  0x000001f7a7036a80 JavaThread "main"                              [_thread_blocked, id=31340, stack(0x000000f0ac700000,0x000000f0ac800000) (1024K)]
  0x000001f7c65e5cc0 JavaThread "Reference Handler"          daemon [_thread_blocked, id=16156, stack(0x000000f0acf00000,0x000000f0ad000000) (1024K)]
  0x000001f7c65e9450 JavaThread "Finalizer"                  daemon [_thread_blocked, id=1004, stack(0x000000f0ad000000,0x000000f0ad100000) (1024K)]
  0x000001f7c65ed660 JavaThread "Signal Dispatcher"          daemon [_thread_blocked, id=21640, stack(0x000000f0ad100000,0x000000f0ad200000) (1024K)]
  0x000001f7c65ee270 JavaThread "Attach Listener"            daemon [_thread_blocked, id=31544, stack(0x000000f0ad200000,0x000000f0ad300000) (1024K)]
  0x000001f7c65fc2f0 JavaThread "Service Thread"             daemon [_thread_blocked, id=6076, stack(0x000000f0ad300000,0x000000f0ad400000) (1024K)]
  0x000001f7c65fa220 JavaThread "Monitor Deflation Thread"   daemon [_thread_blocked, id=24104, stack(0x000000f0ad400000,0x000000f0ad500000) (1024K)]
  0x000001f7c6618570 JavaThread "C2 CompilerThread0"         daemon [_thread_blocked, id=1784, stack(0x000000f0ad500000,0x000000f0ad600000) (1024K)]
  0x000001f7c66191c0 JavaThread "C1 CompilerThread0"         daemon [_thread_blocked, id=3232, stack(0x000000f0ad600000,0x000000f0ad700000) (1024K)]
  0x000001f7c65fc980 JavaThread "Common-Cleaner"             daemon [_thread_blocked, id=26156, stack(0x000000f0ad700000,0x000000f0ad800000) (1024K)]
  0x000001f7c65fd010 JavaThread "Monitor Ctrl-Break"         daemon [_thread_in_native, id=24772, stack(0x000000f0ada00000,0x000000f0adb00000) (1024K)]
  0x000001f7c65f9b90 JavaThread "Notification Thread"        daemon [_thread_blocked, id=17732, stack(0x000000f0adb00000,0x000000f0adc00000) (1024K)]
  0x000001f7c65fa8b0 JavaThread "JavaFX-Launcher"                   [_thread_blocked, id=23584, stack(0x000000f0ae200000,0x000000f0ae300000) (1024K)]
  0x000001f7c65faf40 JavaThread "QuantumRenderer-0"          daemon [_thread_blocked, id=17872, stack(0x000000f0ae300000,0x000000f0ae400000) (1024K)]
  0x000001f7c65fb5d0 JavaThread "InvokeLaterDispatcher"      daemon [_thread_blocked, id=19780, stack(0x000000f0ae400000,0x000000f0ae500000) (1024K)]
  0x000001f7c65fbc60 JavaThread "JavaFX Application Thread"         [_thread_in_native, id=31548, stack(0x000000f0ae500000,0x000000f0ae600000) (1024K)]
  0x000001f815807c80 JavaThread "Thread-2"                   daemon [_thread_in_native, id=29360, stack(0x000000f0ad900000,0x000000f0ada00000) (1024K)]
  0x000001f8158075f0 JavaThread "Prism Font Disposer"        daemon [_thread_blocked, id=24444, stack(0x000000f0af800000,0x000000f0af900000) (1024K)]
  0x000001f815806240 JavaThread "Cleaner-0"                  daemon [_thread_blocked, id=14468, stack(0x000000f0af900000,0x000000f0afa00000) (1024K)]
  0x000001f815804e90 JavaThread "SIGINT handler"             daemon [_thread_blocked, id=24428, stack(0x000000f0afa00000,0x000000f0afb00000) (1024K)]
Total: 20

Other Threads:
=>0x000001f7c65c8c50 VMThread "VM Thread"                           [id=11872, stack(0x000000f0ace00000,0x000000f0acf00000) (1024K)]
  0x000001f7a709d930 WorkerThread "GC Thread#0"                     [id=7860, stack(0x000000f0ac800000,0x000000f0ac900000) (1024K)]
  0x000001f80c0b39f0 WorkerThread "GC Thread#1"                     [id=24396, stack(0x000000f0adc00000,0x000000f0add00000) (1024K)]
  0x000001f80c101ec0 WorkerThread "GC Thread#2"                     [id=25260, stack(0x000000f0add00000,0x000000f0ade00000) (1024K)]
  0x000001f80c122b00 WorkerThread "GC Thread#3"                     [id=10712, stack(0x000000f0ade00000,0x000000f0adf00000) (1024K)]
  0x000001f80c1232b0 WorkerThread "GC Thread#4"                     [id=22376, stack(0x000000f0adf00000,0x000000f0ae000000) (1024K)]
  0x000001f80c6e1b70 WorkerThread "GC Thread#5"                     [id=14956, stack(0x000000f0ae000000,0x000000f0ae100000) (1024K)]
  0x000001f80c6e2680 WorkerThread "GC Thread#6"                     [id=31704, stack(0x000000f0ae100000,0x000000f0ae200000) (1024K)]
  0x000001f80c6e2a30 WorkerThread "GC Thread#7"                     [id=2896, stack(0x000000f0af200000,0x000000f0af300000) (1024K)]
  0x000001f80c6e2de0 WorkerThread "GC Thread#8"                     [id=28176, stack(0x000000f0af300000,0x000000f0af400000) (1024K)]
  0x000001f80c6e3190 WorkerThread "GC Thread#9"                     [id=25008, stack(0x000000f0af400000,0x000000f0af500000) (1024K)]
  0x000001f7a70aece0 ConcurrentGCThread "G1 Main Marker"            terminated
  0x000001f7a70b1ea0 WorkerThread "G1 Conc#0"                       [id=24008, stack(0x000000f0aca00000,0x000000f0acb00000) (1024K)]
  0x000001f7c64844b0 ConcurrentGCThread "G1 Refine#0"               terminated
  0x000001f7c6485de0 ConcurrentGCThread "G1 Service"                terminated
Total: 15

Threads with active compile tasks:
Total: 0

VM state: at safepoint (shutting down)

VM Mutex/Monitor currently owned by a thread:  ([mutex/lock_event])
[0x00007ffba27bb620] ThreadsLockThrottle_lock - owner thread: 0x000001f7c65ed660
[0x00007ffba27bb8a0] Threads_lock - owner thread: 0x000001f7c65c8c50
[0x00007ffba27bb9a0] Heap_lock - owner thread: 0x000001f815804e90

Heap address: 0x000000070ac00000, size: 3924 MB, Compressed Oops mode: Zero based, Oop shift amount: 3

CDS archive(s) mapped at: [0x000001f7c7000000-0x000001f7c7c80000-0x000001f7c7c80000), size 13107200, SharedBaseAddress: 0x000001f7c7000000, ArchiveRelocationMode: 1.
Compressed class space mapped at: 0x000001f7c8000000-0x000001f808000000, reserved size: 1073741824
Narrow klass base: 0x000001f7c7000000, Narrow klass shift: 0, Narrow klass range: 0x100000000

GC Precious Log:
 CardTable entry size: 512
 Card Set container configuration: InlinePtr #cards 4 size 8 Array Of Cards #cards 16 size 48 Howl #buckets 8 coarsen threshold 3686 Howl Bitmap #cards 512 size 80 coarsen threshold 460 Card regions per heap region 1 cards per card region 4096
 CPUs: 12 total, 12 available
 Memory: 15690M
 Large Page Support: Disabled
 NUMA Support: Disabled
 Compressed Oops: Enabled (Zero based)
 Heap Region Size: 2M
 Heap Min Capacity: 8M
 Heap Initial Capacity: 246M
 Heap Max Capacity: 3924M
 Pre-touch: Disabled
 Parallel Workers: 10
 Concurrent Workers: 3
 Concurrent Refinement Workers: 10
 Periodic GC: Disabled

Heap:
 garbage-first heap   total 251904K, used 49419K [0x000000070ac00000, 0x0000000800000000)
  region size 2048K, 24 young (49152K), 3 survivors (6144K)
 Metaspace       used 18980K, committed 19328K, reserved 1114112K
  class space    used 2823K, committed 3008K, reserved 1048576K

Heap Regions: E=young(eden), S=young(survivor), O=old, HS=humongous(starts), HC=humongous(continues), CS=collection set, F=free, TAMS=top-at-mark-start, PB=parsable bottom
|   0|0x000000070ac00000, 0x000000070ac42d00, 0x000000070ae00000| 13%| O|  |TAMS 0x000000070ac00000| PB 0x000000070ac00000| Untracked 
|   1|0x000000070ae00000, 0x000000070b000000, 0x000000070b000000|100%|HS|  |TAMS 0x000000070ae00000| PB 0x000000070ae00000| Complete 
|   2|0x000000070b000000, 0x000000070b200000, 0x000000070b200000|100%|HS|  |TAMS 0x000000070b000000| PB 0x000000070b000000| Complete 
|   3|0x000000070b200000, 0x000000070b200000, 0x000000070b400000|  0%| F|  |TAMS 0x000000070b200000| PB 0x000000070b200000| Untracked 
|   4|0x000000070b400000, 0x000000070b400000, 0x000000070b600000|  0%| F|  |TAMS 0x000000070b400000| PB 0x000000070b400000| Untracked 
|   5|0x000000070b600000, 0x000000070b600000, 0x000000070b800000|  0%| F|  |TAMS 0x000000070b600000| PB 0x000000070b600000| Untracked 
|   6|0x000000070b800000, 0x000000070b800000, 0x000000070ba00000|  0%| F|  |TAMS 0x000000070b800000| PB 0x000000070b800000| Untracked 
|   7|0x000000070ba00000, 0x000000070ba00000, 0x000000070bc00000|  0%| F|  |TAMS 0x000000070ba00000| PB 0x000000070ba00000| Untracked 
|   8|0x000000070bc00000, 0x000000070bc00000, 0x000000070be00000|  0%| F|  |TAMS 0x000000070bc00000| PB 0x000000070bc00000| Untracked 
|   9|0x000000070be00000, 0x000000070be00000, 0x000000070c000000|  0%| F|  |TAMS 0x000000070be00000| PB 0x000000070be00000| Untracked 
|  10|0x000000070c000000, 0x000000070c000000, 0x000000070c200000|  0%| F|  |TAMS 0x000000070c000000| PB 0x000000070c000000| Untracked 
|  11|0x000000070c200000, 0x000000070c200000, 0x000000070c400000|  0%| F|  |TAMS 0x000000070c200000| PB 0x000000070c200000| Untracked 
|  12|0x000000070c400000, 0x000000070c400000, 0x000000070c600000|  0%| F|  |TAMS 0x000000070c400000| PB 0x000000070c400000| Untracked 
|  13|0x000000070c600000, 0x000000070c600000, 0x000000070c800000|  0%| F|  |TAMS 0x000000070c600000| PB 0x000000070c600000| Untracked 
|  14|0x000000070c800000, 0x000000070c800000, 0x000000070ca00000|  0%| F|  |TAMS 0x000000070c800000| PB 0x000000070c800000| Untracked 
|  15|0x000000070ca00000, 0x000000070ca00000, 0x000000070cc00000|  0%| F|  |TAMS 0x000000070ca00000| PB 0x000000070ca00000| Untracked 
|  16|0x000000070cc00000, 0x000000070cc00000, 0x000000070ce00000|  0%| F|  |TAMS 0x000000070cc00000| PB 0x000000070cc00000| Untracked 
|  17|0x000000070ce00000, 0x000000070ce00000, 0x000000070d000000|  0%| F|  |TAMS 0x000000070ce00000| PB 0x000000070ce00000| Untracked 
|  18|0x000000070d000000, 0x000000070d000000, 0x000000070d200000|  0%| F|  |TAMS 0x000000070d000000| PB 0x000000070d000000| Untracked 
|  19|0x000000070d200000, 0x000000070d200000, 0x000000070d400000|  0%| F|  |TAMS 0x000000070d200000| PB 0x000000070d200000| Untracked 
|  20|0x000000070d400000, 0x000000070d400000, 0x000000070d600000|  0%| F|  |TAMS 0x000000070d400000| PB 0x000000070d400000| Untracked 
|  21|0x000000070d600000, 0x000000070d600000, 0x000000070d800000|  0%| F|  |TAMS 0x000000070d600000| PB 0x000000070d600000| Untracked 
|  22|0x000000070d800000, 0x000000070d800000, 0x000000070da00000|  0%| F|  |TAMS 0x000000070d800000| PB 0x000000070d800000| Untracked 
|  23|0x000000070da00000, 0x000000070da00000, 0x000000070dc00000|  0%| F|  |TAMS 0x000000070da00000| PB 0x000000070da00000| Untracked 
|  24|0x000000070dc00000, 0x000000070dc00000, 0x000000070de00000|  0%| F|  |TAMS 0x000000070dc00000| PB 0x000000070dc00000| Untracked 
|  25|0x000000070de00000, 0x000000070de00000, 0x000000070e000000|  0%| F|  |TAMS 0x000000070de00000| PB 0x000000070de00000| Untracked 
|  26|0x000000070e000000, 0x000000070e000000, 0x000000070e200000|  0%| F|  |TAMS 0x000000070e000000| PB 0x000000070e000000| Untracked 
|  27|0x000000070e200000, 0x000000070e200000, 0x000000070e400000|  0%| F|  |TAMS 0x000000070e200000| PB 0x000000070e200000| Untracked 
|  28|0x000000070e400000, 0x000000070e400000, 0x000000070e600000|  0%| F|  |TAMS 0x000000070e400000| PB 0x000000070e400000| Untracked 
|  29|0x000000070e600000, 0x000000070e600000, 0x000000070e800000|  0%| F|  |TAMS 0x000000070e600000| PB 0x000000070e600000| Untracked 
|  30|0x000000070e800000, 0x000000070e800000, 0x000000070ea00000|  0%| F|  |TAMS 0x000000070e800000| PB 0x000000070e800000| Untracked 
|  31|0x000000070ea00000, 0x000000070ea00000, 0x000000070ec00000|  0%| F|  |TAMS 0x000000070ea00000| PB 0x000000070ea00000| Untracked 
|  32|0x000000070ec00000, 0x000000070ec00000, 0x000000070ee00000|  0%| F|  |TAMS 0x000000070ec00000| PB 0x000000070ec00000| Untracked 
|  33|0x000000070ee00000, 0x000000070ee00000, 0x000000070f000000|  0%| F|  |TAMS 0x000000070ee00000| PB 0x000000070ee00000| Untracked 
|  34|0x000000070f000000, 0x000000070f000000, 0x000000070f200000|  0%| F|  |TAMS 0x000000070f000000| PB 0x000000070f000000| Untracked 
|  35|0x000000070f200000, 0x000000070f200000, 0x000000070f400000|  0%| F|  |TAMS 0x000000070f200000| PB 0x000000070f200000| Untracked 
|  36|0x000000070f400000, 0x000000070f400000, 0x000000070f600000|  0%| F|  |TAMS 0x000000070f400000| PB 0x000000070f400000| Untracked 
|  37|0x000000070f600000, 0x000000070f600000, 0x000000070f800000|  0%| F|  |TAMS 0x000000070f600000| PB 0x000000070f600000| Untracked 
|  38|0x000000070f800000, 0x000000070f800000, 0x000000070fa00000|  0%| F|  |TAMS 0x000000070f800000| PB 0x000000070f800000| Untracked 
|  39|0x000000070fa00000, 0x000000070fa00000, 0x000000070fc00000|  0%| F|  |TAMS 0x000000070fa00000| PB 0x000000070fa00000| Untracked 
|  40|0x000000070fc00000, 0x000000070fc00000, 0x000000070fe00000|  0%| F|  |TAMS 0x000000070fc00000| PB 0x000000070fc00000| Untracked 
|  41|0x000000070fe00000, 0x000000070fe00000, 0x0000000710000000|  0%| F|  |TAMS 0x000000070fe00000| PB 0x000000070fe00000| Untracked 
|  42|0x0000000710000000, 0x0000000710000000, 0x0000000710200000|  0%| F|  |TAMS 0x0000000710000000| PB 0x0000000710000000| Untracked 
|  43|0x0000000710200000, 0x0000000710200000, 0x0000000710400000|  0%| F|  |TAMS 0x0000000710200000| PB 0x0000000710200000| Untracked 
|  44|0x0000000710400000, 0x0000000710400000, 0x0000000710600000|  0%| F|  |TAMS 0x0000000710400000| PB 0x0000000710400000| Untracked 
|  45|0x0000000710600000, 0x0000000710600000, 0x0000000710800000|  0%| F|  |TAMS 0x0000000710600000| PB 0x0000000710600000| Untracked 
|  46|0x0000000710800000, 0x0000000710800000, 0x0000000710a00000|  0%| F|  |TAMS 0x0000000710800000| PB 0x0000000710800000| Untracked 
|  47|0x0000000710a00000, 0x0000000710a00000, 0x0000000710c00000|  0%| F|  |TAMS 0x0000000710a00000| PB 0x0000000710a00000| Untracked 
|  48|0x0000000710c00000, 0x0000000710c00000, 0x0000000710e00000|  0%| F|  |TAMS 0x0000000710c00000| PB 0x0000000710c00000| Untracked 
|  49|0x0000000710e00000, 0x0000000710e00000, 0x0000000711000000|  0%| F|  |TAMS 0x0000000710e00000| PB 0x0000000710e00000| Untracked 
|  50|0x0000000711000000, 0x0000000711000000, 0x0000000711200000|  0%| F|  |TAMS 0x0000000711000000| PB 0x0000000711000000| Untracked 
|  51|0x0000000711200000, 0x0000000711200000, 0x0000000711400000|  0%| F|  |TAMS 0x0000000711200000| PB 0x0000000711200000| Untracked 
|  52|0x0000000711400000, 0x0000000711400000, 0x0000000711600000|  0%| F|  |TAMS 0x0000000711400000| PB 0x0000000711400000| Untracked 
|  53|0x0000000711600000, 0x0000000711600000, 0x0000000711800000|  0%| F|  |TAMS 0x0000000711600000| PB 0x0000000711600000| Untracked 
|  54|0x0000000711800000, 0x0000000711800000, 0x0000000711a00000|  0%| F|  |TAMS 0x0000000711800000| PB 0x0000000711800000| Untracked 
|  55|0x0000000711a00000, 0x0000000711a00000, 0x0000000711c00000|  0%| F|  |TAMS 0x0000000711a00000| PB 0x0000000711a00000| Untracked 
|  56|0x0000000711c00000, 0x0000000711c00000, 0x0000000711e00000|  0%| F|  |TAMS 0x0000000711c00000| PB 0x0000000711c00000| Untracked 
|  57|0x0000000711e00000, 0x0000000711e00000, 0x0000000712000000|  0%| F|  |TAMS 0x0000000711e00000| PB 0x0000000711e00000| Untracked 
|  58|0x0000000712000000, 0x0000000712000000, 0x0000000712200000|  0%| F|  |TAMS 0x0000000712000000| PB 0x0000000712000000| Untracked 
|  59|0x0000000712200000, 0x0000000712200000, 0x0000000712400000|  0%| F|  |TAMS 0x0000000712200000| PB 0x0000000712200000| Untracked 
|  60|0x0000000712400000, 0x0000000712400000, 0x0000000712600000|  0%| F|  |TAMS 0x0000000712400000| PB 0x0000000712400000| Untracked 
|  61|0x0000000712600000, 0x0000000712600000, 0x0000000712800000|  0%| F|  |TAMS 0x0000000712600000| PB 0x0000000712600000| Untracked 
|  62|0x0000000712800000, 0x0000000712800000, 0x0000000712a00000|  0%| F|  |TAMS 0x0000000712800000| PB 0x0000000712800000| Untracked 
|  63|0x0000000712a00000, 0x0000000712a00000, 0x0000000712c00000|  0%| F|  |TAMS 0x0000000712a00000| PB 0x0000000712a00000| Untracked 
|  64|0x0000000712c00000, 0x0000000712c00000, 0x0000000712e00000|  0%| F|  |TAMS 0x0000000712c00000| PB 0x0000000712c00000| Untracked 
|  65|0x0000000712e00000, 0x0000000712e00000, 0x0000000713000000|  0%| F|  |TAMS 0x0000000712e00000| PB 0x0000000712e00000| Untracked 
|  66|0x0000000713000000, 0x0000000713000000, 0x0000000713200000|  0%| F|  |TAMS 0x0000000713000000| PB 0x0000000713000000| Untracked 
|  67|0x0000000713200000, 0x0000000713200000, 0x0000000713400000|  0%| F|  |TAMS 0x0000000713200000| PB 0x0000000713200000| Untracked 
|  68|0x0000000713400000, 0x0000000713400000, 0x0000000713600000|  0%| F|  |TAMS 0x0000000713400000| PB 0x0000000713400000| Untracked 
|  69|0x0000000713600000, 0x0000000713600000, 0x0000000713800000|  0%| F|  |TAMS 0x0000000713600000| PB 0x0000000713600000| Untracked 
|  70|0x0000000713800000, 0x0000000713800000, 0x0000000713a00000|  0%| F|  |TAMS 0x0000000713800000| PB 0x0000000713800000| Untracked 
|  71|0x0000000713a00000, 0x0000000713a00000, 0x0000000713c00000|  0%| F|  |TAMS 0x0000000713a00000| PB 0x0000000713a00000| Untracked 
|  72|0x0000000713c00000, 0x0000000713c00000, 0x0000000713e00000|  0%| F|  |TAMS 0x0000000713c00000| PB 0x0000000713c00000| Untracked 
|  73|0x0000000713e00000, 0x0000000713e00000, 0x0000000714000000|  0%| F|  |TAMS 0x0000000713e00000| PB 0x0000000713e00000| Untracked 
|  74|0x0000000714000000, 0x0000000714000000, 0x0000000714200000|  0%| F|  |TAMS 0x0000000714000000| PB 0x0000000714000000| Untracked 
|  75|0x0000000714200000, 0x0000000714200000, 0x0000000714400000|  0%| F|  |TAMS 0x0000000714200000| PB 0x0000000714200000| Untracked 
|  76|0x0000000714400000, 0x0000000714400000, 0x0000000714600000|  0%| F|  |TAMS 0x0000000714400000| PB 0x0000000714400000| Untracked 
|  77|0x0000000714600000, 0x0000000714600000, 0x0000000714800000|  0%| F|  |TAMS 0x0000000714600000| PB 0x0000000714600000| Untracked 
|  78|0x0000000714800000, 0x0000000714800000, 0x0000000714a00000|  0%| F|  |TAMS 0x0000000714800000| PB 0x0000000714800000| Untracked 
|  79|0x0000000714a00000, 0x0000000714a00000, 0x0000000714c00000|  0%| F|  |TAMS 0x0000000714a00000| PB 0x0000000714a00000| Untracked 
|  80|0x0000000714c00000, 0x0000000714c00000, 0x0000000714e00000|  0%| F|  |TAMS 0x0000000714c00000| PB 0x0000000714c00000| Untracked 
|  81|0x0000000714e00000, 0x0000000714e00000, 0x0000000715000000|  0%| F|  |TAMS 0x0000000714e00000| PB 0x0000000714e00000| Untracked 
|  82|0x0000000715000000, 0x0000000715000000, 0x0000000715200000|  0%| F|  |TAMS 0x0000000715000000| PB 0x0000000715000000| Untracked 
|  83|0x0000000715200000, 0x0000000715200000, 0x0000000715400000|  0%| F|  |TAMS 0x0000000715200000| PB 0x0000000715200000| Untracked 
|  84|0x0000000715400000, 0x0000000715400000, 0x0000000715600000|  0%| F|  |TAMS 0x0000000715400000| PB 0x0000000715400000| Untracked 
|  85|0x0000000715600000, 0x0000000715600000, 0x0000000715800000|  0%| F|  |TAMS 0x0000000715600000| PB 0x0000000715600000| Untracked 
|  86|0x0000000715800000, 0x0000000715800000, 0x0000000715a00000|  0%| F|  |TAMS 0x0000000715800000| PB 0x0000000715800000| Untracked 
|  87|0x0000000715a00000, 0x0000000715a00000, 0x0000000715c00000|  0%| F|  |TAMS 0x0000000715a00000| PB 0x0000000715a00000| Untracked 
|  88|0x0000000715c00000, 0x0000000715c00000, 0x0000000715e00000|  0%| F|  |TAMS 0x0000000715c00000| PB 0x0000000715c00000| Untracked 
|  89|0x0000000715e00000, 0x0000000715e00000, 0x0000000716000000|  0%| F|  |TAMS 0x0000000715e00000| PB 0x0000000715e00000| Untracked 
|  90|0x0000000716000000, 0x0000000716000000, 0x0000000716200000|  0%| F|  |TAMS 0x0000000716000000| PB 0x0000000716000000| Untracked 
|  91|0x0000000716200000, 0x0000000716200000, 0x0000000716400000|  0%| F|  |TAMS 0x0000000716200000| PB 0x0000000716200000| Untracked 
|  92|0x0000000716400000, 0x0000000716400000, 0x0000000716600000|  0%| F|  |TAMS 0x0000000716400000| PB 0x0000000716400000| Untracked 
|  93|0x0000000716600000, 0x0000000716600000, 0x0000000716800000|  0%| F|  |TAMS 0x0000000716600000| PB 0x0000000716600000| Untracked 
|  94|0x0000000716800000, 0x0000000716800000, 0x0000000716a00000|  0%| F|  |TAMS 0x0000000716800000| PB 0x0000000716800000| Untracked 
|  95|0x0000000716a00000, 0x0000000716a00000, 0x0000000716c00000|  0%| F|  |TAMS 0x0000000716a00000| PB 0x0000000716a00000| Untracked 
|  96|0x0000000716c00000, 0x0000000716c00000, 0x0000000716e00000|  0%| F|  |TAMS 0x0000000716c00000| PB 0x0000000716c00000| Untracked 
|  97|0x0000000716e00000, 0x0000000716e00000, 0x0000000717000000|  0%| F|  |TAMS 0x0000000716e00000| PB 0x0000000716e00000| Untracked 
|  98|0x0000000717000000, 0x0000000717000000, 0x0000000717200000|  0%| F|  |TAMS 0x0000000717000000| PB 0x0000000717000000| Untracked 
|  99|0x0000000717200000, 0x0000000717345a78, 0x0000000717400000| 63%| E|  |TAMS 0x0000000717200000| PB 0x0000000717200000| Complete 
| 100|0x0000000717400000, 0x0000000717600000, 0x0000000717600000|100%| S|CS|TAMS 0x0000000717400000| PB 0x0000000717400000| Complete 
| 101|0x0000000717600000, 0x0000000717800000, 0x0000000717800000|100%| S|CS|TAMS 0x0000000717600000| PB 0x0000000717600000| Complete 
| 102|0x0000000717800000, 0x0000000717a00000, 0x0000000717a00000|100%| S|CS|TAMS 0x0000000717800000| PB 0x0000000717800000| Complete 
| 103|0x0000000717a00000, 0x0000000717c00000, 0x0000000717c00000|100%| E|CS|TAMS 0x0000000717a00000| PB 0x0000000717a00000| Complete 
| 104|0x0000000717c00000, 0x0000000717e00000, 0x0000000717e00000|100%| E|CS|TAMS 0x0000000717c00000| PB 0x0000000717c00000| Complete 
| 105|0x0000000717e00000, 0x0000000718000000, 0x0000000718000000|100%| E|CS|TAMS 0x0000000717e00000| PB 0x0000000717e00000| Complete 
| 106|0x0000000718000000, 0x0000000718200000, 0x0000000718200000|100%| E|CS|TAMS 0x0000000718000000| PB 0x0000000718000000| Complete 
| 107|0x0000000718200000, 0x0000000718400000, 0x0000000718400000|100%| E|CS|TAMS 0x0000000718200000| PB 0x0000000718200000| Complete 
| 108|0x0000000718400000, 0x0000000718600000, 0x0000000718600000|100%| E|CS|TAMS 0x0000000718400000| PB 0x0000000718400000| Complete 
| 109|0x0000000718600000, 0x0000000718800000, 0x0000000718800000|100%| E|CS|TAMS 0x0000000718600000| PB 0x0000000718600000| Complete 
| 110|0x0000000718800000, 0x0000000718a00000, 0x0000000718a00000|100%| E|  |TAMS 0x0000000718800000| PB 0x0000000718800000| Complete 
| 111|0x0000000718a00000, 0x0000000718c00000, 0x0000000718c00000|100%| E|CS|TAMS 0x0000000718a00000| PB 0x0000000718a00000| Complete 
| 112|0x0000000718c00000, 0x0000000718e00000, 0x0000000718e00000|100%| E|CS|TAMS 0x0000000718c00000| PB 0x0000000718c00000| Complete 
| 113|0x0000000718e00000, 0x0000000719000000, 0x0000000719000000|100%| E|CS|TAMS 0x0000000718e00000| PB 0x0000000718e00000| Complete 
| 114|0x0000000719000000, 0x0000000719200000, 0x0000000719200000|100%| E|CS|TAMS 0x0000000719000000| PB 0x0000000719000000| Complete 
| 115|0x0000000719200000, 0x0000000719400000, 0x0000000719400000|100%| E|CS|TAMS 0x0000000719200000| PB 0x0000000719200000| Complete 
| 116|0x0000000719400000, 0x0000000719600000, 0x0000000719600000|100%| E|CS|TAMS 0x0000000719400000| PB 0x0000000719400000| Complete 
| 117|0x0000000719600000, 0x0000000719800000, 0x0000000719800000|100%| E|CS|TAMS 0x0000000719600000| PB 0x0000000719600000| Complete 
| 118|0x0000000719800000, 0x0000000719a00000, 0x0000000719a00000|100%| E|CS|TAMS 0x0000000719800000| PB 0x0000000719800000| Complete 
| 119|0x0000000719a00000, 0x0000000719c00000, 0x0000000719c00000|100%| E|CS|TAMS 0x0000000719a00000| PB 0x0000000719a00000| Complete 
| 120|0x0000000719c00000, 0x0000000719e00000, 0x0000000719e00000|100%| E|CS|TAMS 0x0000000719c00000| PB 0x0000000719c00000| Complete 
| 121|0x0000000719e00000, 0x000000071a000000, 0x000000071a000000|100%| E|CS|TAMS 0x0000000719e00000| PB 0x0000000719e00000| Complete 
| 122|0x000000071a000000, 0x000000071a200000, 0x000000071a200000|100%| E|CS|TAMS 0x000000071a000000| PB 0x000000071a000000| Complete 

Card table byte_map: [0x000001f7bf470000,0x000001f7bfc20000] _byte_map_base: 0x000001f7bbc1a000

Marking Bits: (CMBitMap*) 0x000001f7a709e040
 Bits: [0x000001f7bfc20000, 0x000001f7c3970000)

Polling page: 0x000001f7a4eb0000

Metaspace:

Usage:
  Non-class:     15.78 MB used.
      Class:      2.76 MB used.
       Both:     18.54 MB used.

Virtual space:
  Non-class space:       64.00 MB reserved,      15.94 MB ( 25%) committed,  1 nodes.
      Class space:        1.00 GB reserved,       2.94 MB ( <1%) committed,  1 nodes.
             Both:        1.06 GB reserved,      18.88 MB (  2%) committed. 

Chunk freelists:
   Non-Class:  15.88 MB
       Class:  13.00 MB
        Both:  28.87 MB

MaxMetaspaceSize: unlimited
CompressedClassSpaceSize: 1.00 GB
Initial GC threshold: 21.00 MB
Current GC threshold: 21.00 MB
CDS: on
 - commit_granule_bytes: 65536.
 - commit_granule_words: 8192.
 - virtual_space_node_default_size: 8388608.
 - enlarge_chunks_in_place: 1.
 - use_allocation_guard: 0.


Internal statistics:

num_allocs_failed_limit: 0.
num_arena_births: 370.
num_arena_deaths: 0.
num_vsnodes_births: 2.
num_vsnodes_deaths: 0.
num_space_committed: 302.
num_space_uncommitted: 0.
num_chunks_returned_to_freelist: 0.
num_chunks_taken_from_freelist: 975.
num_chunk_merges: 0.
num_chunk_splits: 684.
num_chunks_enlarged: 522.
num_inconsistent_stats: 0.

CodeHeap 'non-profiled nmethods': size=120000Kb used=1600Kb max_used=1600Kb free=118400Kb
 bounds [0x000001f7b7230000, 0x000001f7b74a0000, 0x000001f7be760000]
CodeHeap 'profiled nmethods': size=120000Kb used=5982Kb max_used=5982Kb free=114017Kb
 bounds [0x000001f7af760000, 0x000001f7afd40000, 0x000001f7b6c90000]
CodeHeap 'non-nmethods': size=5760Kb used=1695Kb max_used=1738Kb free=4064Kb
 bounds [0x000001f7b6c90000, 0x000001f7b6f00000, 0x000001f7b7230000]
CodeCache: size=245760Kb, used=9277Kb, max_used=9320Kb, free=236481Kb
 total_blobs=4065, nmethods=3229, adapters=739, full_count=0
Compilation: enabled, stopped_count=0, restarted_count=0

Compilation events (20 events):
Event: 16.740 Thread 0x000001f7c66191c0 3220       3       com.sun.javafx.tk.quantum.GlassViewEventHandler::mouseEventButton (60 bytes)
Event: 16.740 Thread 0x000001f7c66191c0 nmethod 3220 0x000001f7afd35310 code [0x000001f7afd354e0, 0x000001f7afd35798]
Event: 16.740 Thread 0x000001f7c66191c0 3221       3       javafx.scene.Scene$ScenePeerListener::mouseEvent (54 bytes)
Event: 16.740 Thread 0x000001f7c66191c0 nmethod 3221 0x000001f7afd35810 code [0x000001f7afd359e0, 0x000001f7afd35d98]
Event: 16.740 Thread 0x000001f7c66191c0 3222       3       javafx.scene.Scene::processMouseEvent (10 bytes)
Event: 16.740 Thread 0x000001f7c66191c0 nmethod 3222 0x000001f7afd36010 code [0x000001f7afd361c0, 0x000001f7afd36310]
Event: 16.740 Thread 0x000001f7c66191c0 3223       3       java.util.EnumMap::values (25 bytes)
Event: 16.740 Thread 0x000001f7c66191c0 nmethod 3223 0x000001f7afd36410 code [0x000001f7afd365e0, 0x000001f7afd36960]
Event: 16.740 Thread 0x000001f7c66191c0 3224       3       java.util.EnumMap$Values::iterator (12 bytes)
Event: 16.740 Thread 0x000001f7c66191c0 nmethod 3224 0x000001f7afd36a90 code [0x000001f7afd36c40, 0x000001f7afd36fa0]
Event: 16.740 Thread 0x000001f7c66191c0 3225       3       java.util.EnumMap$ValueIterator::<init> (11 bytes)
Event: 16.740 Thread 0x000001f7c66191c0 nmethod 3225 0x000001f7afd37110 code [0x000001f7afd372c0, 0x000001f7afd37560]
Event: 16.740 Thread 0x000001f7c66191c0 3226       3       java.util.EnumMap$EnumMapIterator::<init> (20 bytes)
Event: 16.740 Thread 0x000001f7c66191c0 nmethod 3226 0x000001f7afd37690 code [0x000001f7afd37840, 0x000001f7afd37a20]
Event: 18.016 Thread 0x000001f7c66191c0 3227       1       javafx.util.Duration::toMillis (5 bytes)
Event: 18.016 Thread 0x000001f7c66191c0 nmethod 3227 0x000001f7b73bf710 code [0x000001f7b73bf8a0, 0x000001f7b73bf968]
Event: 18.187 Thread 0x000001f7c66191c0 3228       1       javafx.animation.Animation$AnimationReadOnlyProperty::get (5 bytes)
Event: 18.187 Thread 0x000001f7c66191c0 nmethod 3228 0x000001f7b73bfa10 code [0x000001f7b73bfba0, 0x000001f7b73bfc70]
Event: 19.495 Thread 0x000001f7c6618570 3229       4       com.sun.glass.ui.Application::GetApplication (4 bytes)
Event: 19.495 Thread 0x000001f7c6618570 nmethod 3229 0x000001f7b73bfd10 code [0x000001f7b73bfea0, 0x000001f7b73bff20]

GC Heap History (4 events):
Event: 0.284 GC heap before
{Heap before GC invocations=0 (full 0):
 garbage-first heap   total 251904K, used 22528K [0x000000070ac00000, 0x0000000800000000)
  region size 2048K, 11 young (22528K), 0 survivors (0K)
 Metaspace       used 2554K, committed 2752K, reserved 1114112K
  class space    used 239K, committed 320K, reserved 1048576K
}
Event: 0.287 GC heap after
{Heap after GC invocations=1 (full 0):
 garbage-first heap   total 251904K, used 2891K [0x000000070ac00000, 0x0000000800000000)
  region size 2048K, 2 young (4096K), 2 survivors (4096K)
 Metaspace       used 2554K, committed 2752K, reserved 1114112K
  class space    used 239K, committed 320K, reserved 1048576K
}
Event: 1.066 GC heap before
{Heap before GC invocations=1 (full 0):
 garbage-first heap   total 251904K, used 37707K [0x000000070ac00000, 0x0000000800000000)
  region size 2048K, 20 young (40960K), 2 survivors (4096K)
 Metaspace       used 11536K, committed 11840K, reserved 1114112K
  class space    used 1491K, committed 1664K, reserved 1048576K
}
Event: 1.070 GC heap after
{Heap after GC invocations=2 (full 0):
 garbage-first heap   total 251904K, used 6411K [0x000000070ac00000, 0x0000000800000000)
  region size 2048K, 3 young (6144K), 3 survivors (6144K)
 Metaspace       used 11536K, committed 11840K, reserved 1114112K
  class space    used 1491K, committed 1664K, reserved 1048576K
}

Dll operation events (20 events):
Event: 0.560 Loaded shared library C:\Users\Ěŕęńčě\.openjfx\cache\21.0.6+3\amd64\api-ms-win-crt-heap-l1-1-0.dll
Event: 0.563 Loaded shared library C:\Users\Ěŕęńčě\.openjfx\cache\21.0.6+3\amd64\api-ms-win-crt-locale-l1-1-0.dll
Event: 0.566 Loaded shared library C:\Users\Ěŕęńčě\.openjfx\cache\21.0.6+3\amd64\api-ms-win-crt-math-l1-1-0.dll
Event: 0.570 Loaded shared library C:\Users\Ěŕęńčě\.openjfx\cache\21.0.6+3\amd64\api-ms-win-crt-multibyte-l1-1-0.dll
Event: 0.576 Loaded shared library C:\Users\Ěŕęńčě\.openjfx\cache\21.0.6+3\amd64\api-ms-win-crt-private-l1-1-0.dll
Event: 0.579 Loaded shared library C:\Users\Ěŕęńčě\.openjfx\cache\21.0.6+3\amd64\api-ms-win-crt-process-l1-1-0.dll
Event: 0.582 Loaded shared library C:\Users\Ěŕęńčě\.openjfx\cache\21.0.6+3\amd64\api-ms-win-crt-runtime-l1-1-0.dll
Event: 0.585 Loaded shared library C:\Users\Ěŕęńčě\.openjfx\cache\21.0.6+3\amd64\api-ms-win-crt-stdio-l1-1-0.dll
Event: 0.588 Loaded shared library C:\Users\Ěŕęńčě\.openjfx\cache\21.0.6+3\amd64\api-ms-win-crt-string-l1-1-0.dll
Event: 0.591 Loaded shared library C:\Users\Ěŕęńčě\.openjfx\cache\21.0.6+3\amd64\api-ms-win-crt-time-l1-1-0.dll
Event: 0.595 Loaded shared library C:\Users\Ěŕęńčě\.openjfx\cache\21.0.6+3\amd64\api-ms-win-crt-utility-l1-1-0.dll
Event: 0.606 Loaded shared library C:\Users\Ěŕęńčě\.openjfx\cache\21.0.6+3\amd64\ucrtbase.dll
Event: 0.610 Loaded shared library C:\Users\Ěŕęńčě\.openjfx\cache\21.0.6+3\amd64\vcruntime140.dll
Event: 0.612 Loaded shared library C:\Users\Ěŕęńčě\.openjfx\cache\21.0.6+3\amd64\vcruntime140_1.dll
Event: 0.621 Loaded shared library C:\Users\Ěŕęńčě\.openjfx\cache\21.0.6+3\amd64\msvcp140.dll
Event: 0.624 Loaded shared library C:\Users\Ěŕęńčě\.openjfx\cache\21.0.6+3\amd64\msvcp140_1.dll
Event: 0.629 Loaded shared library C:\Users\Ěŕęńčě\.openjfx\cache\21.0.6+3\amd64\msvcp140_2.dll
Event: 0.655 Loaded shared library C:\Users\Ěŕęńčě\.openjfx\cache\21.0.6+3\amd64\prism_d3d.dll
Event: 0.709 Loaded shared library C:\Users\Ěŕęńčě\.openjfx\cache\21.0.6+3\amd64\glass.dll
Event: 0.937 Loaded shared library C:\Users\Ěŕęńčě\.openjfx\cache\21.0.6+3\amd64\javafx_font.dll

Deoptimization events (20 events):
Event: 3.919 Thread 0x000001f7c65faf40 Uncommon trap: trap_request=0xffffff45 fr.pc=0x000001f7b731f128 relative=0x0000000000002508
Event: 3.919 Thread 0x000001f7c65faf40 Uncommon trap: reason=unstable_if action=reinterpret pc=0x000001f7b731f128 method=com.sun.marlin.Renderer._endRendering(IILcom/sun/marlin/MarlinAlphaConsumer;)V @ 2434 c2
Event: 3.919 Thread 0x000001f7c65faf40 DEOPT PACKING pc=0x000001f7b731f128 sp=0x000000f0ae3fe470
Event: 3.919 Thread 0x000001f7c65faf40 DEOPT UNPACKING pc=0x000001f7b6ce4422 sp=0x000000f0ae3fe368 mode 2
Event: 3.937 Thread 0x000001f7c65faf40 DEOPT PACKING pc=0x000001f7afbd92d3 sp=0x000000f0ae3fe560
Event: 3.937 Thread 0x000001f7c65faf40 DEOPT UNPACKING pc=0x000001f7b6ce4bc2 sp=0x000000f0ae3fd9c8 mode 0
Event: 4.338 Thread 0x000001f7c65faf40 DEOPT PACKING pc=0x000001f7afaf3443 sp=0x000000f0ae3fe530
Event: 4.338 Thread 0x000001f7c65faf40 DEOPT UNPACKING pc=0x000001f7b6ce4bc2 sp=0x000000f0ae3fd9c0 mode 0
Event: 4.581 Thread 0x000001f7c65faf40 DEOPT PACKING pc=0x000001f7afbd87f5 sp=0x000000f0ae3fe300
Event: 4.581 Thread 0x000001f7c65faf40 DEOPT UNPACKING pc=0x000001f7b6ce4bc2 sp=0x000000f0ae3fd6b8 mode 0
Event: 5.327 Thread 0x000001f7c65faf40 DEOPT PACKING pc=0x000001f7afc01d04 sp=0x000000f0ae3fe410
Event: 5.327 Thread 0x000001f7c65faf40 DEOPT UNPACKING pc=0x000001f7b6ce4bc2 sp=0x000000f0ae3fd860 mode 0
Event: 5.328 Thread 0x000001f7c65faf40 DEOPT PACKING pc=0x000001f7afc3ddc3 sp=0x000000f0ae3fe300
Event: 5.328 Thread 0x000001f7c65faf40 DEOPT UNPACKING pc=0x000001f7b6ce4bc2 sp=0x000000f0ae3fd7b0 mode 0
Event: 5.343 Thread 0x000001f7c65faf40 DEOPT PACKING pc=0x000001f7afc01d71 sp=0x000000f0ae3fe410
Event: 5.343 Thread 0x000001f7c65faf40 DEOPT UNPACKING pc=0x000001f7b6ce4bc2 sp=0x000000f0ae3fd860 mode 0
Event: 5.375 Thread 0x000001f7c65faf40 DEOPT PACKING pc=0x000001f7afc01d71 sp=0x000000f0ae3fe410
Event: 5.375 Thread 0x000001f7c65faf40 DEOPT UNPACKING pc=0x000001f7b6ce4bc2 sp=0x000000f0ae3fd860 mode 0
Event: 5.375 Thread 0x000001f7c65faf40 DEOPT PACKING pc=0x000001f7afc3ddc3 sp=0x000000f0ae3fe300
Event: 5.375 Thread 0x000001f7c65faf40 DEOPT UNPACKING pc=0x000001f7b6ce4bc2 sp=0x000000f0ae3fd7b0 mode 0

Classes loaded (20 events):
Event: 1.303 Loading class java/lang/invoke/DirectMethodHandle$StaticAccessor
Event: 1.303 Loading class java/lang/invoke/DirectMethodHandle$StaticAccessor done
Event: 1.322 Loading class java/lang/FdLibm$Atan2
Event: 1.322 Loading class java/lang/FdLibm$Atan2 done
Event: 1.322 Loading class java/lang/FdLibm
Event: 1.322 Loading class java/lang/FdLibm done
Event: 3.219 Loading class java/util/BitSet
Event: 3.219 Loading class java/util/BitSet done
Event: 3.232 Loading class sun/reflect/generics/tree/BottomSignature
Event: 3.232 Loading class sun/reflect/generics/tree/BottomSignature done
Event: 3.232 Loading class sun/reflect/generics/tree/Wildcard
Event: 3.232 Loading class sun/reflect/generics/tree/Wildcard done
Event: 3.232 Loading class sun/reflect/generics/reflectiveObjects/WildcardTypeImpl
Event: 3.232 Loading class java/lang/reflect/WildcardType
Event: 3.232 Loading class java/lang/reflect/WildcardType done
Event: 3.232 Loading class sun/reflect/generics/reflectiveObjects/WildcardTypeImpl done
Event: 3.300 Loading class java/lang/FdLibm$Hypot
Event: 3.300 Loading class java/lang/FdLibm$Hypot done
Event: 22.143 Loading class jdk/internal/misc/Signal$1
Event: 22.143 Loading class jdk/internal/misc/Signal$1 done

Classes unloaded (0 events):
No events

Classes redefined (0 events):
No events

Internal exceptions (20 events):
Event: 1.020 Thread 0x000001f7c65fbc60 Exception <a 'java/lang/NoSuchMethodError'{0x0000000717da11b8}: 'void java.lang.invoke.DirectMethodHandle$Holder.invokeSpecial(java.lang.Object, java.lang.Object, java.lang.Object, java.lang.Object, java.lang.Object)'> (0x0000000717da11b8) 
thrown [s\src\hotspot\share\interpreter\linkResolver.cpp, line 773]
Event: 1.040 Thread 0x000001f7c65fbc60 Exception <a 'java/lang/NoSuchMethodError'{0x0000000717a6f550}: 'void java.lang.invoke.DirectMethodHandle$Holder.invokeSpecial(java.lang.Object, java.lang.Object, double)'> (0x0000000717a6f550) 
thrown [s\src\hotspot\share\interpreter\linkResolver.cpp, line 773]
Event: 1.041 Thread 0x000001f7c65fbc60 Exception <a 'java/lang/NoSuchMethodError'{0x0000000717a79cc8}: 'double java.lang.invoke.DelegatingMethodHandle$Holder.reinvoke_L(java.lang.Object, java.lang.Object, int)'> (0x0000000717a79cc8) 
thrown [s\src\hotspot\share\interpreter\linkResolver.cpp, line 773]
Event: 1.043 Thread 0x000001f7c65fbc60 Exception <a 'java/lang/NoSuchMethodError'{0x0000000717a83b60}: 'void java.lang.invoke.DelegatingMethodHandle$Holder.reinvoke_L(java.lang.Object, java.lang.Object, double)'> (0x0000000717a83b60) 
thrown [s\src\hotspot\share\interpreter\linkResolver.cpp, line 773]
Event: 1.052 Thread 0x000001f7c65fbc60 Exception <a 'java/lang/NoSuchMethodError'{0x0000000717afae18}: 'void java.lang.invoke.DirectMethodHandle$Holder.invokeSpecial(java.lang.Object, java.lang.Object, int)'> (0x0000000717afae18) 
thrown [s\src\hotspot\share\interpreter\linkResolver.cpp, line 773]
Event: 1.052 Thread 0x000001f7c65fbc60 Exception <a 'java/lang/NoSuchMethodError'{0x0000000717b01e20}: 'void java.lang.invoke.DelegatingMethodHandle$Holder.reinvoke_L(java.lang.Object, java.lang.Object, int)'> (0x0000000717b01e20) 
thrown [s\src\hotspot\share\interpreter\linkResolver.cpp, line 773]
Event: 1.074 Thread 0x000001f7c65fbc60 Implicit null exception at 0x000001f7b7252c66 to 0x000001f7b7252d0a
Event: 1.083 Thread 0x000001f7c65fbc60 Implicit null exception at 0x000001f7b72df93d to 0x000001f7b72dfbb0
Event: 1.086 Thread 0x000001f7c65fbc60 Implicit null exception at 0x000001f7b72e08bd to 0x000001f7b72e0b44
Event: 1.087 Thread 0x000001f7c65fbc60 Implicit null exception at 0x000001f7b724de3d to 0x000001f7b724dec1
Event: 1.181 Thread 0x000001f7c65fbc60 Exception <a 'java/lang/IncompatibleClassChangeError'{0x000000071989aeb8}: Found class java.lang.Object, but interface was expected> (0x000000071989aeb8) 
thrown [s\src\hotspot\share\interpreter\linkResolver.cpp, line 840]
Event: 1.219 Thread 0x000001f7c65fbc60 Exception <a 'java/lang/NoSuchMethodError'{0x0000000719621580}: 'int java.lang.invoke.DirectMethodHandle$Holder.invokeSpecial(java.lang.Object, java.lang.Object, int)'> (0x0000000719621580) 
thrown [s\src\hotspot\share\interpreter\linkResolver.cpp, line 773]
Event: 1.267 Thread 0x000001f7c65faf40 Exception <a 'java/lang/NoSuchMethodError'{0x0000000719799668}: 'int java.lang.invoke.DirectMethodHandle$Holder.invokeStaticInit(java.lang.Object, java.lang.Object)'> (0x0000000719799668) 
thrown [s\src\hotspot\share\interpreter\linkResolver.cpp, line 773]
Event: 2.975 Thread 0x000001f7c65fbc60 Exception <a 'java/lang/NoSuchMethodError'{0x000000071919e588}: 'long java.lang.invoke.DirectMethodHandle$Holder.invokeStatic(java.lang.Object, java.lang.Object, java.lang.Object)'> (0x000000071919e588) 
thrown [s\src\hotspot\share\interpreter\linkResolver.cpp, line 773]
Event: 2.975 Thread 0x000001f7c65fbc60 Exception <a 'java/lang/NoSuchMethodError'{0x00000007191a1998}: 'long java.lang.invoke.DirectMethodHandle$Holder.invokeStaticInit(java.lang.Object, java.lang.Object, java.lang.Object)'> (0x00000007191a1998) 
thrown [s\src\hotspot\share\interpreter\linkResolver.cpp, line 773]
Event: 2.977 Thread 0x000001f7c65fbc60 Exception <a 'java/lang/NoSuchMethodError'{0x00000007191b6398}: 'java.lang.Object java.lang.invoke.DirectMethodHandle$Holder.newInvokeSpecial(java.lang.Object, java.lang.Object, long)'> (0x00000007191b6398) 
thrown [s\src\hotspot\share\interpreter\linkResolver.cpp, line 773]
Event: 2.977 Thread 0x000001f7c65fbc60 Exception <a 'java/lang/NoSuchMethodError'{0x00000007191b9cb0}: 'java.lang.Object java.lang.invoke.Invokers$Holder.linkToTargetMethod(java.lang.Object, long, java.lang.Object)'> (0x00000007191b9cb0) 
thrown [s\src\hotspot\share\interpreter\linkResolver.cpp, line 773]
Event: 3.252 Thread 0x000001f7c65fbc60 Exception <a 'java/lang/ClassNotFoundException'{0x0000000718b312a0}: com/sun/javafx/scene/control/skin/resources/controls> (0x0000000718b312a0) 
thrown [s\src\hotspot\share\prims\jni.cpp, line 539]
Event: 3.253 Thread 0x000001f7c65fbc60 Exception <a 'java/lang/ClassNotFoundException'{0x0000000718b3f778}: com/sun/javafx/scene/control/skin/resources/controls_uk> (0x0000000718b3f778) 
thrown [s\src\hotspot\share\prims\jni.cpp, line 539]
Event: 3.253 Thread 0x000001f7c65fbc60 Exception <a 'java/lang/ClassNotFoundException'{0x0000000718b409f8}: com/sun/javafx/scene/control/skin/resources/controls_uk_UA> (0x0000000718b409f8) 
thrown [s\src\hotspot\share\prims\jni.cpp, line 539]

ZGC Phase Switch (0 events):
No events

VM Operations (20 events):
Event: 7.296 Executing safepoint VM operation: Cleanup done
Event: 8.297 Executing safepoint VM operation: Cleanup
Event: 8.297 Executing safepoint VM operation: Cleanup done
Event: 9.297 Executing safepoint VM operation: Cleanup
Event: 9.297 Executing safepoint VM operation: Cleanup done
Event: 11.297 Executing safepoint VM operation: Cleanup
Event: 11.297 Executing safepoint VM operation: Cleanup done
Event: 13.298 Executing safepoint VM operation: Cleanup
Event: 13.298 Executing safepoint VM operation: Cleanup done
Event: 14.299 Executing safepoint VM operation: Cleanup
Event: 14.299 Executing safepoint VM operation: Cleanup done
Event: 15.300 Executing safepoint VM operation: Cleanup
Event: 15.300 Executing safepoint VM operation: Cleanup done
Event: 16.300 Executing safepoint VM operation: Cleanup
Event: 16.300 Executing safepoint VM operation: Cleanup done
Event: 17.300 Executing safepoint VM operation: Cleanup
Event: 17.300 Executing safepoint VM operation: Cleanup done
Event: 21.302 Executing safepoint VM operation: Cleanup
Event: 21.302 Executing safepoint VM operation: Cleanup done
Event: 22.147 Executing safepoint VM operation: Exit

Memory protections (0 events):
No events

Nmethod flushes (0 events):
No events

Events (20 events):
Event: 0.712 Thread 0x000001f7c65fa8b0 Thread added: 0x000001f7c65fbc60
Event: 0.765 Thread 0x000001f7c67408f0 Thread exited: 0x000001f7c67408f0
Event: 0.798 Thread 0x000001f815807c80 Thread added: 0x000001f815807c80
Event: 1.173 Thread 0x000001f7c65fbc60 Thread added: 0x000001f8158075f0
Event: 1.298 Thread 0x000001f7c65faf40 Thread added: 0x000001f815806240
Event: 1.803 Thread 0x000001f7c6740240 Thread exited: 0x000001f7c6740240
Event: 3.324 Thread 0x000001f7c66191c0 Thread added: 0x000001f825de86d0
Event: 3.325 Thread 0x000001f7c66191c0 Thread added: 0x000001f815965c30
Event: 3.598 Thread 0x000001f815965c30 Thread exited: 0x000001f815965c30
Event: 3.715 Thread 0x000001f825de86d0 Thread exited: 0x000001f825de86d0
Event: 4.582 Thread 0x000001f7c66191c0 Thread added: 0x000001f815965c30
Event: 4.587 Thread 0x000001f7c66191c0 Thread added: 0x000001f825e96ec0
Event: 4.702 Thread 0x000001f825e96ec0 Thread exited: 0x000001f825e96ec0
Event: 4.767 Thread 0x000001f815965c30 Thread exited: 0x000001f815965c30
Event: 22.143 Thread 0x000001f7c65ed660 Thread added: 0x000001f815804e90
Event: 22.144 Thread 0x000001f815804e90 Thread added: 0x000001f815805520
Event: 22.144 Thread 0x000001f815804e90 Thread added: 0x000001f815809030
Event: 22.145 Thread 0x000001f815809030 Thread exited: 0x000001f815809030
Event: 22.145 Thread 0x000001f815805520 Thread exited: 0x000001f815805520
Event: 22.147 Thread 0x000001f815804e90 Before exit entered


Dynamic libraries:
0x00007ff674c80000 - 0x00007ff674c8e000 	C:\Users\Ěŕęńčě\.jdks\ms-21.0.10\bin\java.exe
0x00007ffc4d540000 - 0x00007ffc4d7a8000 	C:\WINDOWS\SYSTEM32\ntdll.dll
0x00007ffc4c8c0000 - 0x00007ffc4c989000 	C:\WINDOWS\System32\KERNEL32.DLL
0x00007ffc4a1a0000 - 0x00007ffc4a591000 	C:\WINDOWS\System32\KERNELBASE.dll
0x00007ffc4a5a0000 - 0x00007ffc4a6eb000 	C:\WINDOWS\System32\ucrtbase.dll
0x00007ffc454f0000 - 0x00007ffc45508000 	C:\Users\Ěŕęńčě\.jdks\ms-21.0.10\bin\jli.dll
0x00007ffc43730000 - 0x00007ffc4374e000 	C:\Users\Ěŕęńčě\.jdks\ms-21.0.10\bin\VCRUNTIME140.dll
0x00007ffc4b770000 - 0x00007ffc4b936000 	C:\WINDOWS\System32\USER32.dll
0x00007ffc4a860000 - 0x00007ffc4a887000 	C:\WINDOWS\System32\win32u.dll
0x00007ffc4b420000 - 0x00007ffc4b44b000 	C:\WINDOWS\System32\GDI32.dll
0x00007ffc36110000 - 0x00007ffc363a3000 	C:\WINDOWS\WinSxS\amd64_microsoft.windows.common-controls_6595b64144ccf1df_6.0.26100.7824_none_3e0870b2e3345462\COMCTL32.dll
0x00007ffc4b1b0000 - 0x00007ffc4b2db000 	C:\WINDOWS\System32\gdi32full.dll
0x00007ffc4cd70000 - 0x00007ffc4ce19000 	C:\WINDOWS\System32\msvcrt.dll
0x00007ffc4a6f0000 - 0x00007ffc4a793000 	C:\WINDOWS\System32\msvcp_win.dll
0x00007ffc4d380000 - 0x00007ffc4d3b1000 	C:\WINDOWS\System32\IMM32.DLL
0x00007ffc45a50000 - 0x00007ffc45a5c000 	C:\Users\Ěŕęńčě\.jdks\ms-21.0.10\bin\vcruntime140_1.dll
0x00007ffc3c910000 - 0x00007ffc3c999000 	C:\Users\Ěŕęńčě\.jdks\ms-21.0.10\bin\msvcp140.dll
0x00007ffba1af0000 - 0x00007ffba289d000 	C:\Users\Ěŕęńčě\.jdks\ms-21.0.10\bin\server\jvm.dll
0x00007ffc4c530000 - 0x00007ffc4c5e4000 	C:\WINDOWS\System32\ADVAPI32.dll
0x00007ffc4c670000 - 0x00007ffc4c716000 	C:\WINDOWS\System32\sechost.dll
0x00007ffc4cbd0000 - 0x00007ffc4cce8000 	C:\WINDOWS\System32\RPCRT4.dll
0x00007ffc4c5f0000 - 0x00007ffc4c664000 	C:\WINDOWS\System32\WS2_32.dll
0x00007ffc48a30000 - 0x00007ffc48a8e000 	C:\WINDOWS\SYSTEM32\POWRPROF.dll
0x00007ffc43200000 - 0x00007ffc4320b000 	C:\WINDOWS\SYSTEM32\VERSION.dll
0x00007ffc41f20000 - 0x00007ffc41f55000 	C:\WINDOWS\SYSTEM32\WINMM.dll
0x00007ffc48a10000 - 0x00007ffc48a24000 	C:\WINDOWS\SYSTEM32\UMPDC.dll
0x00007ffc48ce0000 - 0x00007ffc48cfb000 	C:\WINDOWS\SYSTEM32\kernel.appcore.dll
0x00007ffc454e0000 - 0x00007ffc454ea000 	C:\Users\Ěŕęńčě\.jdks\ms-21.0.10\bin\jimage.dll
0x00007ffc3b350000 - 0x00007ffc3b592000 	C:\WINDOWS\SYSTEM32\DBGHELP.DLL
0x00007ffc4ce20000 - 0x00007ffc4d1a6000 	C:\WINDOWS\System32\combase.dll
0x00007ffc4c990000 - 0x00007ffc4ca67000 	C:\WINDOWS\System32\OLEAUT32.dll
0x00007ffc2e870000 - 0x00007ffc2e8ab000 	C:\WINDOWS\SYSTEM32\dbgcore.DLL
0x00007ffc4a890000 - 0x00007ffc4a935000 	C:\WINDOWS\System32\bcryptPrimitives.dll
0x00007ffc433f0000 - 0x00007ffc43400000 	C:\Users\Ěŕęńčě\.jdks\ms-21.0.10\bin\instrument.dll
0x00007ffc42aa0000 - 0x00007ffc42ac1000 	C:\Users\Ěŕęńčě\.jdks\ms-21.0.10\bin\java.dll
0x00007ffc4b940000 - 0x00007ffc4c092000 	C:\WINDOWS\System32\SHELL32.dll
0x00007ffc49e20000 - 0x00007ffc49f8a000 	C:\WINDOWS\System32\wintypes.dll
0x00007ffc4a940000 - 0x00007ffc4b1a3000 	C:\WINDOWS\System32\windows.storage.dll
0x00007ffc4b2f0000 - 0x00007ffc4b3e6000 	C:\WINDOWS\System32\SHCORE.dll
0x00007ffc4ca70000 - 0x00007ffc4cad7000 	C:\WINDOWS\System32\shlwapi.dll
0x00007ffc49d40000 - 0x00007ffc49d69000 	C:\WINDOWS\SYSTEM32\profapi.dll
0x00007ffc307a0000 - 0x00007ffc30876000 	C:\Users\Ěŕęńčě\.jdks\ms-21.0.10\bin\jsvml.dll
0x00007ffc41f60000 - 0x00007ffc41f71000 	C:\Users\Ěŕęńčě\.jdks\ms-21.0.10\bin\net.dll
0x00007ffc43e60000 - 0x00007ffc43f87000 	C:\WINDOWS\SYSTEM32\WINHTTP.dll
0x00007ffc49250000 - 0x00007ffc492bb000 	C:\WINDOWS\system32\mswsock.dll
0x00007ffc41960000 - 0x00007ffc41976000 	C:\Users\Ěŕęńčě\.jdks\ms-21.0.10\bin\nio.dll
0x00007ffc41630000 - 0x00007ffc41648000 	C:\Users\Ěŕęńčě\.jdks\ms-21.0.10\bin\zip.dll
0x00007ffc49530000 - 0x00007ffc4954b000 	C:\WINDOWS\SYSTEM32\CRYPTSP.dll
0x00007ffc48c40000 - 0x00007ffc48c79000 	C:\WINDOWS\system32\rsaenh.dll
0x00007ffc49300000 - 0x00007ffc4932b000 	C:\WINDOWS\SYSTEM32\USERENV.dll
0x00007ffc49d10000 - 0x00007ffc49d3a000 	C:\WINDOWS\SYSTEM32\bcrypt.dll
0x00007ffc49520000 - 0x00007ffc4952c000 	C:\WINDOWS\SYSTEM32\CRYPTBASE.dll
0x00007ffc486e0000 - 0x00007ffc48714000 	C:\WINDOWS\SYSTEM32\IPHLPAPI.DLL
0x00007ffc4cae0000 - 0x00007ffc4caea000 	C:\WINDOWS\System32\NSI.dll
0x00007ffc1a150000 - 0x00007ffc1a24d000 	C:\Users\Ěŕęńčě\AppData\Local\Temp\sqlite-3.51.2.0-77788928-1ca2-447d-b35a-cd8783f5d460-sqlitejdbc.dll
0x000001f7a6ff0000 - 0x000001f7a6ff3000 	C:\Users\Ěŕęńčě\.openjfx\cache\21.0.6+3\amd64\api-ms-win-core-console-l1-1-0.dll
0x000001f7c6e50000 - 0x000001f7c6e53000 	C:\Users\Ěŕęńčě\.openjfx\cache\21.0.6+3\amd64\api-ms-win-core-console-l1-2-0.dll
0x000001f7c6e60000 - 0x000001f7c6e63000 	C:\Users\Ěŕęńčě\.openjfx\cache\21.0.6+3\amd64\api-ms-win-core-datetime-l1-1-0.dll
0x000001f7c6e70000 - 0x000001f7c6e73000 	C:\Users\Ěŕęńčě\.openjfx\cache\21.0.6+3\amd64\api-ms-win-core-debug-l1-1-0.dll
0x000001f7c6e80000 - 0x000001f7c6e83000 	C:\Users\Ěŕęńčě\.openjfx\cache\21.0.6+3\amd64\api-ms-win-core-errorhandling-l1-1-0.dll
0x000001f7c6e90000 - 0x000001f7c6e94000 	C:\Users\Ěŕęńčě\.openjfx\cache\21.0.6+3\amd64\api-ms-win-core-file-l1-1-0.dll
0x000001f7c6ea0000 - 0x000001f7c6ea3000 	C:\Users\Ěŕęńčě\.openjfx\cache\21.0.6+3\amd64\api-ms-win-core-file-l1-2-0.dll
0x000001f7c6eb0000 - 0x000001f7c6eb3000 	C:\Users\Ěŕęńčě\.openjfx\cache\21.0.6+3\amd64\api-ms-win-core-file-l2-1-0.dll
0x000001f7c6ec0000 - 0x000001f7c6ec3000 	C:\Users\Ěŕęńčě\.openjfx\cache\21.0.6+3\amd64\api-ms-win-core-handle-l1-1-0.dll
0x000001f7c6ed0000 - 0x000001f7c6ed3000 	C:\Users\Ěŕęńčě\.openjfx\cache\21.0.6+3\amd64\api-ms-win-core-heap-l1-1-0.dll
0x000001f7c6ee0000 - 0x000001f7c6ee3000 	C:\Users\Ěŕęńčě\.openjfx\cache\21.0.6+3\amd64\api-ms-win-core-interlocked-l1-1-0.dll
0x000001f7c6ef0000 - 0x000001f7c6ef3000 	C:\Users\Ěŕęńčě\.openjfx\cache\21.0.6+3\amd64\api-ms-win-core-libraryloader-l1-1-0.dll
0x000001f7c6f00000 - 0x000001f7c6f03000 	C:\Users\Ěŕęńčě\.openjfx\cache\21.0.6+3\amd64\api-ms-win-core-localization-l1-2-0.dll
0x000001f7c6f10000 - 0x000001f7c6f13000 	C:\Users\Ěŕęńčě\.openjfx\cache\21.0.6+3\amd64\api-ms-win-core-memory-l1-1-0.dll
0x000001f7c6f20000 - 0x000001f7c6f23000 	C:\Users\Ěŕęńčě\.openjfx\cache\21.0.6+3\amd64\api-ms-win-core-namedpipe-l1-1-0.dll
0x000001f7c6f30000 - 0x000001f7c6f33000 	C:\Users\Ěŕęńčě\.openjfx\cache\21.0.6+3\amd64\api-ms-win-core-processenvironment-l1-1-0.dll
0x000001f7c6f40000 - 0x000001f7c6f43000 	C:\Users\Ěŕęńčě\.openjfx\cache\21.0.6+3\amd64\api-ms-win-core-processthreads-l1-1-0.dll
0x000001f7c6f50000 - 0x000001f7c6f53000 	C:\Users\Ěŕęńčě\.openjfx\cache\21.0.6+3\amd64\api-ms-win-core-processthreads-l1-1-1.dll
0x000001f7c6f60000 - 0x000001f7c6f63000 	C:\Users\Ěŕęńčě\.openjfx\cache\21.0.6+3\amd64\api-ms-win-core-profile-l1-1-0.dll
0x000001f7c6f70000 - 0x000001f7c6f73000 	C:\Users\Ěŕęńčě\.openjfx\cache\21.0.6+3\amd64\api-ms-win-core-rtlsupport-l1-1-0.dll
0x000001f7c6f80000 - 0x000001f7c6f83000 	C:\Users\Ěŕęńčě\.openjfx\cache\21.0.6+3\amd64\api-ms-win-core-string-l1-1-0.dll
0x000001f7c6f90000 - 0x000001f7c6f93000 	C:\Users\Ěŕęńčě\.openjfx\cache\21.0.6+3\amd64\api-ms-win-core-synch-l1-1-0.dll
0x000001f7c6fa0000 - 0x000001f7c6fa3000 	C:\Users\Ěŕęńčě\.openjfx\cache\21.0.6+3\amd64\api-ms-win-core-synch-l1-2-0.dll
0x000001f7c6fb0000 - 0x000001f7c6fb3000 	C:\Users\Ěŕęńčě\.openjfx\cache\21.0.6+3\amd64\api-ms-win-core-sysinfo-l1-1-0.dll
0x000001f7c6fc0000 - 0x000001f7c6fc3000 	C:\Users\Ěŕęńčě\.openjfx\cache\21.0.6+3\amd64\api-ms-win-core-timezone-l1-1-0.dll
0x000001f7c6fd0000 - 0x000001f7c6fd3000 	C:\Users\Ěŕęńčě\.openjfx\cache\21.0.6+3\amd64\api-ms-win-core-util-l1-1-0.dll
0x000001f7c6fe0000 - 0x000001f7c6fe3000 	C:\Users\Ěŕęńčě\.openjfx\cache\21.0.6+3\amd64\api-ms-win-crt-conio-l1-1-0.dll
0x000001f7c6ff0000 - 0x000001f7c6ff4000 	C:\Users\Ěŕęńčě\.openjfx\cache\21.0.6+3\amd64\api-ms-win-crt-convert-l1-1-0.dll
0x000001f814e60000 - 0x000001f814e63000 	C:\Users\Ěŕęńčě\.openjfx\cache\21.0.6+3\amd64\api-ms-win-crt-environment-l1-1-0.dll
0x000001f814e70000 - 0x000001f814e73000 	C:\Users\Ěŕęńčě\.openjfx\cache\21.0.6+3\amd64\api-ms-win-crt-filesystem-l1-1-0.dll
0x000001f814e80000 - 0x000001f814e83000 	C:\Users\Ěŕęńčě\.openjfx\cache\21.0.6+3\amd64\api-ms-win-crt-heap-l1-1-0.dll
0x000001f814e90000 - 0x000001f814e93000 	C:\Users\Ěŕęńčě\.openjfx\cache\21.0.6+3\amd64\api-ms-win-crt-locale-l1-1-0.dll
0x000001f814ea0000 - 0x000001f814ea5000 	C:\Users\Ěŕęńčě\.openjfx\cache\21.0.6+3\amd64\api-ms-win-crt-math-l1-1-0.dll
0x000001f814eb0000 - 0x000001f814eb5000 	C:\Users\Ěŕęńčě\.openjfx\cache\21.0.6+3\amd64\api-ms-win-crt-multibyte-l1-1-0.dll
0x000001f814ec0000 - 0x000001f814ed0000 	C:\Users\Ěŕęńčě\.openjfx\cache\21.0.6+3\amd64\api-ms-win-crt-private-l1-1-0.dll
0x000001f814ed0000 - 0x000001f814ed3000 	C:\Users\Ěŕęńčě\.openjfx\cache\21.0.6+3\amd64\api-ms-win-crt-process-l1-1-0.dll
0x000001f814ee0000 - 0x000001f814ee4000 	C:\Users\Ěŕęńčě\.openjfx\cache\21.0.6+3\amd64\api-ms-win-crt-runtime-l1-1-0.dll
0x000001f814ef0000 - 0x000001f814ef4000 	C:\Users\Ěŕęńčě\.openjfx\cache\21.0.6+3\amd64\api-ms-win-crt-stdio-l1-1-0.dll
0x000001f814f00000 - 0x000001f814f04000 	C:\Users\Ěŕęńčě\.openjfx\cache\21.0.6+3\amd64\api-ms-win-crt-string-l1-1-0.dll
0x000001f814f10000 - 0x000001f814f13000 	C:\Users\Ěŕęńčě\.openjfx\cache\21.0.6+3\amd64\api-ms-win-crt-time-l1-1-0.dll
0x000001f814f20000 - 0x000001f814f23000 	C:\Users\Ěŕęńčě\.openjfx\cache\21.0.6+3\amd64\api-ms-win-crt-utility-l1-1-0.dll
0x00007ffbee4e0000 - 0x00007ffbee5dc000 	C:\Users\Ěŕęńčě\.openjfx\cache\21.0.6+3\amd64\ucrtbase.dll
0x00007ffc3c530000 - 0x00007ffc3c54b000 	C:\Users\Ěŕęńčě\.openjfx\cache\21.0.6+3\amd64\vcruntime140.dll
0x00007ffc41610000 - 0x00007ffc4161c000 	C:\Users\Ěŕęńčě\.openjfx\cache\21.0.6+3\amd64\vcruntime140_1.dll
0x00007ffc32430000 - 0x00007ffc324be000 	C:\Users\Ěŕęńčě\.openjfx\cache\21.0.6+3\amd64\msvcp140.dll
0x00007ffc3c520000 - 0x00007ffc3c529000 	C:\Users\Ěŕęńčě\.openjfx\cache\21.0.6+3\amd64\msvcp140_1.dll
0x00007ffc3c4d0000 - 0x00007ffc3c511000 	C:\Users\Ěŕęńčě\.openjfx\cache\21.0.6+3\amd64\msvcp140_2.dll
0x00007ffc3c400000 - 0x00007ffc3c430000 	C:\Users\Ěŕęńčě\.openjfx\cache\21.0.6+3\amd64\prism_d3d.dll
0x00007ffc125a0000 - 0x00007ffc12753000 	C:\WINDOWS\system32\d3d9.dll
0x00007ffc47ae0000 - 0x00007ffc47b11000 	C:\WINDOWS\SYSTEM32\dwmapi.dll
0x00007ffc47ba0000 - 0x00007ffc47be4000 	C:\WINDOWS\SYSTEM32\dxcore.dll
0x00007ffc477f0000 - 0x00007ffc4789b000 	C:\WINDOWS\system32\uxtheme.dll
0x00007ffb83c70000 - 0x00007ffb874b4000 	C:\WINDOWS\System32\DriverStore\FileRepository\u0412068.inf_amd64_7428ba58eddc5914\B410613\AMDXN64.DLL
0x00007ffc4c720000 - 0x00007ffc4c8b7000 	C:\WINDOWS\System32\ole32.dll
0x00007ffc4c0a0000 - 0x00007ffc4c529000 	C:\WINDOWS\System32\SETUPAPI.dll
0x00007ffc47980000 - 0x00007ffc47abc000 	C:\WINDOWS\SYSTEM32\dxgi.dll
0x00007ffc41490000 - 0x00007ffc414c7000 	C:\WINDOWS\System32\DriverStore\FileRepository\u0412068.inf_amd64_7428ba58eddc5914\B410613\amdihk64.dll
0x00007ffc44b00000 - 0x00007ffc44b63000 	C:\WINDOWS\SYSTEM32\directxdatabasehelper.dll
0x00007ffc49ab0000 - 0x00007ffc49b07000 	C:\WINDOWS\SYSTEM32\cfgmgr32.dll
0x00007ffc3c230000 - 0x00007ffc3c272000 	C:\Users\Ěŕęńčě\.openjfx\cache\21.0.6+3\amd64\glass.dll
0x00007ffc4d400000 - 0x00007ffc4d4ef000 	C:\WINDOWS\System32\COMDLG32.dll
0x00007ffc4d210000 - 0x00007ffc4d36f000 	C:\WINDOWS\System32\MSCTF.dll
0x00007ffc3c3e0000 - 0x00007ffc3c3f5000 	C:\Users\Ěŕęńčě\.openjfx\cache\21.0.6+3\amd64\javafx_font.dll
0x00007ffc46240000 - 0x00007ffc464a7000 	C:\WINDOWS\SYSTEM32\dwrite.dll
0x00007ffc4b4d0000 - 0x00007ffc4b580000 	C:\WINDOWS\System32\clbcatq.dll
0x00007ffc45b40000 - 0x00007ffc45d6f000 	C:\WINDOWS\SYSTEM32\WindowsCodecs.dll
0x00007ffc30880000 - 0x00007ffc308da000 	C:\WINDOWS\system32\dataexchange.dll
0x00007ffc3aef0000 - 0x00007ffc3b134000 	C:\WINDOWS\system32\twinapi.appcore.dll
0x00007ffc311a0000 - 0x00007ffc311cc000 	C:\Program Files\Common Files\Microsoft Shared\Ink\rtscom.dll
0x00007ffc20d30000 - 0x00007ffc20e79000 	C:\WINDOWS\SYSTEM32\textinputframework.dll
0x00007ffc473d0000 - 0x00007ffc474f7000 	C:\WINDOWS\SYSTEM32\CoreMessaging.dll
0x00007ffc42450000 - 0x00007ffc42732000 	C:\WINDOWS\SYSTEM32\CoreUIComponents.dll

JVMTI agents:
C:\Program Files\JetBrains\IntelliJ IDEA 2025.3.1.1\lib\idea_rt.jar path:C:\Users\Ěŕęńčě\.jdks\ms-21.0.10\bin\instrument.dll, loaded, initialized, instrumentlib options:53199

dbghelp: loaded successfully - version: 4.0.5 - missing functions: none
symbol engine: initialized successfully - sym options: 0x614 - pdb path: .;C:\Users\Ěŕęńčě\.jdks\ms-21.0.10\bin;C:\WINDOWS\SYSTEM32;C:\WINDOWS\WinSxS\amd64_microsoft.windows.common-controls_6595b64144ccf1df_6.0.26100.7824_none_3e0870b2e3345462;C:\Users\Ěŕęńčě\.jdks\ms-21.0.10\bin\server;C:\Users\Ěŕęńčě\AppData\Local\Temp;C:\Users\Ěŕęńčě\.openjfx\cache\21.0.6+3\amd64;C:\WINDOWS\System32\DriverStore\FileRepository\u0412068.inf_amd64_7428ba58eddc5914\B410613;C:\Program Files\Common Files\Microsoft Shared\Ink

VM Arguments:
jvm_args: -javaagent:C:\Program Files\JetBrains\IntelliJ IDEA 2025.3.1.1\lib\idea_rt.jar=53199 -Dfile.encoding=UTF-8 -Dsun.stdout.encoding=UTF-8 -Dsun.stderr.encoding=UTF-8 --module-path=C:\Users\Ěŕęńčě\.m2\repository\org\xerial\sqlite-jdbc\3.51.2.0\sqlite-jdbc-3.51.2.0.jar;C:\Projects Java\LVM_Lab3\target\classes;C:\Users\Ěŕęńčě\.m2\repository\org\openjfx\javafx-base\21.0.6\javafx-base-21.0.6-win.jar;C:\Users\Ěŕęńčě\.m2\repository\org\openjfx\javafx-fxml\21.0.6\javafx-fxml-21.0.6-win.jar;C:\Users\Ěŕęńčě\.m2\repository\org\openjfx\javafx-controls\21.0.6\javafx-controls-21.0.6-win.jar;C:\Users\Ěŕęńčě\.m2\repository\org\openjfx\javafx-graphics\21.0.6\javafx-graphics-21.0.6-win.jar -Djdk.module.main=dev.ua._klaidi4_.lmv_lab3 
java_command: dev.ua._klaidi4_.lmv_lab3/dev.ua._klaidi4_.lmv_lab3.Main
java_class_path (initial): C:\Users\Ěŕęńčě\.m2\repository\org\openjfx\javafx-controls\21.0.6\javafx-controls-21.0.6.jar;C:\Users\Ěŕęńčě\.m2\repository\org\openjfx\javafx-graphics\21.0.6\javafx-graphics-21.0.6.jar;C:\Users\Ěŕęńčě\.m2\repository\org\openjfx\javafx-base\21.0.6\javafx-base-21.0.6.jar;C:\Users\Ěŕęńčě\.m2\repository\org\openjfx\javafx-fxml\21.0.6\javafx-fxml-21.0.6.jar
Launcher Type: SUN_STANDARD

[Global flags]
     intx CICompilerCount                          = 4                                         {product} {ergonomic}
     uint ConcGCThreads                            = 3                                         {product} {ergonomic}
     uint G1ConcRefinementThreads                  = 10                                        {product} {ergonomic}
   size_t G1HeapRegionSize                         = 2097152                                   {product} {ergonomic}
    uintx GCDrainStackTargetSize                   = 64                                        {product} {ergonomic}
   size_t InitialHeapSize                          = 257949696                                 {product} {ergonomic}
   size_t MarkStackSize                            = 4194304                                   {product} {ergonomic}
   size_t MaxHeapSize                              = 4114612224                                {product} {ergonomic}
   size_t MaxNewSize                               = 2468347904                                {product} {ergonomic}
   size_t MinHeapDeltaBytes                        = 2097152                                   {product} {ergonomic}
   size_t MinHeapSize                              = 8388608                                   {product} {ergonomic}
    uintx NonNMethodCodeHeapSize                   = 5839372                                {pd product} {ergonomic}
    uintx NonProfiledCodeHeapSize                  = 122909434                              {pd product} {ergonomic}
    uintx ProfiledCodeHeapSize                     = 122909434                              {pd product} {ergonomic}
    uintx ReservedCodeCacheSize                    = 251658240                              {pd product} {ergonomic}
     bool SegmentedCodeCache                       = true                                      {product} {ergonomic}
   size_t SoftMaxHeapSize                          = 4114612224                             {manageable} {ergonomic}
     bool UseCompressedOops                        = true                           {product lp64_product} {ergonomic}
     bool UseG1GC                                  = true                                      {product} {ergonomic}
     bool UseLargePagesIndividualAllocation        = false                                  {pd product} {ergonomic}

Logging:
Log output configuration:
 #0: stdout all=off uptime,level,tags foldmultilines=false
 #1: stderr all=off uptime,level,tags foldmultilines=false

Release file:
IMPLEMENTOR="Microsoft" 
IMPLEMENTOR_VERSION="Microsoft-13106404" 
JAVA_RUNTIME_VERSION="21.0.10+7-LTS" 
JAVA_VERSION="21.0.10" 
JAVA_VERSION_DATE="2026-01-20" 
LIBC="default" 
MODULES="java.base java.compiler java.datatransfer java.xml java.prefs java.desktop java.instrument java.logging java.management java.security.sasl java.naming java.rmi java.management.rmi java.net.http java.scripting java.security.jgss java.transaction.xa java.sql java.sql.rowset java.xml.crypto java.se java.smartcardio jdk.accessibility jdk.internal.jvmstat jdk.attach jdk.charsets jdk.internal.opt jdk.zipfs jdk.compiler jdk.crypto.ec jdk.crypto.cryptoki jdk.crypto.mscapi jdk.dynalink jdk.internal.ed jdk.editpad jdk.hotspot.agent jdk.httpserver jdk.incubator.vector jdk.internal.le jdk.internal.vm.ci jdk.internal.vm.compiler jdk.internal.vm.compiler.management jdk.jartool jdk.javadoc jdk.jcmd jdk.management jdk.management.agent jdk.jconsole jdk.jdeps jdk.jdwp.agent jdk.jdi jdk.jfr jdk.jlink jdk.jpackage jdk.jshell jdk.jsobject jdk.jstatd jdk.localedata jdk.management.jfr jdk.naming.dns jdk.naming.rmi jdk.net jdk.nio.mapmode jdk.random jdk.sctp jdk.security.auth jdk.security.jgss jdk.unsupported jdk.unsupported.desktop jdk.xml.dom" 
OS_ARCH="x86_64" 
OS_NAME="Windows" 
SOURCE=".:git:e69b6ef7382e" 

Environment Variables:
PATH=C:\Program Files\Common Files\Oracle\Java\javapath;C:\WINDOWS\system32;C:\WINDOWS;C:\WINDOWS\System32\Wbem;C:\WINDOWS\System32\WindowsPowerShell\v1.0\;C:\WINDOWS\System32\OpenSSH\;C:\Program Files\NVIDIA Corporation\NVIDIA App\NvDLISR;C:\Program Files (x86)\NVIDIA Corporation\PhysX\Common;C:\Program Files\dotnet\;C:\Program Files\Git\cmd;C:\Users\Ěŕęńčě\AppData\Local\Programs\Python\Launcher\;C:\Users\Ěŕęńčě\AppData\Local\Microsoft\WindowsApps;
USERNAME=Ěŕęńčě
OS=Windows_NT
PROCESSOR_IDENTIFIER=AMD64 Family 25 Model 68 Stepping 1, AuthenticAMD
TMP=C:\Users\2BA0~1\AppData\Local\Temp
TEMP=C:\Users\2BA0~1\AppData\Local\Temp




Periodic native trim disabled

---------------  S Y S T E M  ---------------

OS:
 Windows 11 , 64 bit Build 26100 (10.0.26100.7705)
OS uptime: 1 days 14:29 hours
Hyper-V role detected

CPU: total 12 (initial active 12) (12 cores per cpu, 2 threads per core) family 25 model 68 stepping 1 microcode 0xa404107, cx8, cmov, fxsr, ht, mmx, 3dnowpref, sse, sse2, sse3, ssse3, sse4a, sse4.1, sse4.2, popcnt, lzcnt, tsc, tscinvbit, avx, avx2, aes, erms, clmul, bmi1, bmi2, adx, sha, fma, vzeroupper, clflush, clflushopt, hv, rdtscp, rdpid, fsrm, f16c, cet_ss
Processor Information for the first 12 processors :
  Max Mhz: 3301, Current Mhz: 3301, Mhz Limit: 3301

Memory: 4k page, system-wide physical 15690M (2448M free)
TotalPageFile size 31050M (AvailPageFile size 11204M)
current process WorkingSet (physical memory assigned to process): 169M, peak: 220M
current process commit charge ("private bytes"): 417M, peak: 476M

vm_info: OpenJDK 64-Bit Server VM (21.0.10+7-LTS) for windows-amd64 JRE (21.0.10+7-LTS), built on 2026-01-15T18:39:42Z by "MicrosoftCorporation" with MS VC++ 17.14 (VS2022)

END.
